[1] Size: 56056, Type: audio/webm
[1] PROBS: NoSpeech=0.2566, LogProb=-0.4032
[1] RAW WHISPER: 총사업비 60조 원 규모의 캐나다 차기지
[2] Size: 81440, Type: audio/webm
[2] PROBS: NoSpeech=0.1644, LogProb=-0.3266
[2] RAW WHISPER: 잠수함 사업 최종 제안서 마감이 다음 달로 다가온 가운데 한국 방산업체들
[3] Size: 81440, Type: audio/webm
[3] PROBS: NoSpeech=0.2362, LogProb=-0.3845
[3] RAW WHISPER: 과 독일 업체 간 경쟁이 치열하게 달아오르고 있습니다.
[4] Size: 81440, Type: audio/webm
[4] PROBS: NoSpeech=0.8568, LogProb=-0.3850
⚠️ Filtered by NoSpeechProb: 0.8567540049552917
[5] Size: 81440, Type: audio/webm
[5] PROBS: NoSpeech=0.7111, LogProb=-0.3385
⚠️ Filtered by NoSpeechProb: 0.7111281156539917
[6] Size: 81440, Type: audio/webm
[6] PROBS: NoSpeech=0.8588, LogProb=-0.3267
⚠️ Filtered by NoSpeechProb: 0.8587756156921387
[7] Size: 81440, Type: audio/webm
[7] PROBS: NoSpeech=0.8909, LogProb=-0.5790
⚠️ Filtered by NoSpeechProb: 0.890880823135376
[8] Size: 81440, Type: audio/webm
[8] PROBS: NoSpeech=0.7843, LogProb=-0.3729
⚠️ Filtered by NoSpeechProb: 0.7843067049980164
[9] Size: 81440, Type: audio/webm
[9] PROBS: NoSpeech=0.8906, LogProb=-0.3856
⚠️ Filtered by NoSpeechProb: 0.8905735611915588
[10] Size: 81440, Type: audio/webm
[10] PROBS: NoSpeech=0.9023, LogProb=-0.3476
⚠️ Filtered by NoSpeechProb: 0.9023268818855286
[11] Size: 81440, Type: audio/webm
[11] PROBS: NoSpeech=0.7941, LogProb=-0.4235
⚠️ Filtered by NoSpeechProb: 0.7940675020217896
[12] Size: 81440, Type: audio/webm
[12] PROBS: NoSpeech=0.1478, LogProb=-0.2658
[12] RAW WHISPER: 한국 잠수함에는 탄도미사일을 발사할 수 있는 수직발사관이 있어
[13] Size: 81440, Type: audio/webm
[13] PROBS: NoSpeech=0.0307, LogProb=-0.3514
[13] RAW WHISPER: 다양한 전략적 효과를 거둘 수 있다. 캐나다의 필수작인 원거리 잠악 능력입니다.
[14] Size: 81440, Type: audio/webm
[14] PROBS: NoSpeech=0.7327, LogProb=-0.3180
⚠️ Filtered by NoSpeechProb: 0.732749342918396
[15] Size: 81440, Type: audio/webm
[15] PROBS: NoSpeech=0.5381, LogProb=-0.3643
⚠️ Filtered by NoSpeechProb: 0.5380574464797974
[16] Size: 81440, Type: audio/webm
[16] PROBS: NoSpeech=0.0913, LogProb=-0.2091
[16] RAW WHISPER: 한국 잠수함은 캐나다의 전략적 소요를 충족시킬 수 있는 유일한 대안이다.
[17] Size: 81440, Type: audio/webm
[17] PROBS: NoSpeech=0.9114, LogProb=-0.6809
⚠️ Filtered by NoSpeechProb: 0.9113980531692505
[18] Size: 81440, Type: audio/webm
[18] PROBS: NoSpeech=0.5990, LogProb=-0.2772
⚠️ Filtered by NoSpeechProb: 0.5990184545516968
[19] Size: 81440, Type: audio/webm
[19] PROBS: NoSpeech=0.8116, LogProb=-0.4245
⚠️ Filtered by NoSpeechProb: 0.8116474747657776
[20] Size: 81440, Type: audio/webm
[20] PROBS: NoSpeech=0.7918, LogProb=-0.4951
⚠️ Filtered by NoSpeechProb: 0.7918387055397034
[21] Size: 81440, Type: audio/webm
[21] PROBS: NoSpeech=0.8167, LogProb=-0.6933
⚠️ Filtered by NoSpeechProb: 0.8166909217834473
[22] Size: 81440, Type: audio/webm
[22] PROBS: NoSpeech=0.7481, LogProb=-0.8647
⚠️ Filtered by NoSpeechProb: 0.7480549812316895
[23] Size: 81440, Type: audio/webm
[23] PROBS: NoSpeech=0.6948, LogProb=-0.4432
⚠️ Filtered by NoSpeechProb: 0.6948185563087463
[24] Size: 81440, Type: audio/webm
[24] PROBS: NoSpeech=0.7333, LogProb=-0.5801
⚠️ Filtered by NoSpeechProb: 0.7332667112350464
[25] Size: 81440, Type: audio/webm
[25] PROBS: NoSpeech=0.5345, LogProb=-0.2812
⚠️ Filtered by NoSpeechProb: 0.5345223546028137
[26] Size: 81440, Type: audio/webm
[26] PROBS: NoSpeech=0.2414, LogProb=-0.4323
[26] RAW WHISPER: 일간 총력전 양상인 가운데 정부도 강훈식 대통령 비서실장을 중심으로
[27] Size: 81440, Type: audio/webm
[27] PROBS: NoSpeech=0.0046, LogProb=-0.1645
[27] RAW WHISPER: 특사단을 꾸려 맞춤형 패키지 딜을 캐나다 측에 제시한 걸로 알려졌습니다.
[28] Size: 81440, Type: audio/webm
[28] PROBS: NoSpeech=0.2780, LogProb=-0.2612
[28] RAW WHISPER: 강훈식 청와대 비서실장이 이끄는 특사단은 이번 주 캐나다로 향했습니다.
[29] Size: 81440, Type: audio/webm
[29] PROBS: NoSpeech=0.3920, LogProb=-0.3267
[29] RAW WHISPER: 최대 60조 원에 달하는 캐나다의 초개 잠수함 프로젝트 수주를 위해서입니다.
[30] Size: 81440, Type: audio/webm
[30] PROBS: NoSpeech=0.7115, LogProb=-0.2999
⚠️ Filtered by NoSpeechProb: 0.7114909887313843
[31] Size: 81440, Type: audio/webm
[31] PROBS: NoSpeech=0.1601, LogProb=-0.3230
[31] RAW WHISPER: 우리나라와 독일의 잠수함이 비슷한 것으로 평가됩니다. 관건은
[32] Size: 81440, Type: audio/webm
[32] PROBS: NoSpeech=0.2199, LogProb=-0.4656
[32] RAW WHISPER: 수주의 대가로 캐나다 측에 어떤 것을 해줄 수 있느냐는 겁니다.
[33] Size: 81440, Type: audio/webm
[33] PROBS: NoSpeech=0.8346, LogProb=-0.3188
⚠️ Filtered by NoSpeechProb: 0.8345701694488525
[34] Size: 81440, Type: audio/webm
[34] PROBS: NoSpeech=0.8020, LogProb=-0.4650
⚠️ Filtered by NoSpeechProb: 0.8020114302635193
[35] Size: 81440, Type: audio/webm
[35] PROBS: NoSpeech=0.6325, LogProb=-0.2887
⚠️ Filtered by NoSpeechProb: 0.6324894428253174
[36] Size: 81440, Type: audio/webm
[36] PROBS: NoSpeech=0.3880, LogProb=-0.8555
[36] RAW WHISPER: 국가적으로 총력자로 가고 있어요.
[37] Size: 81439, Type: audio/webm
[37] PROBS: NoSpeech=0.8726, LogProb=-0.7120
⚠️ Filtered by NoSpeechProb: 0.8725662231445312
[38] Size: 81440, Type: audio/webm
[38] PROBS: NoSpeech=0.7207, LogProb=-0.4691
⚠️ Filtered by NoSpeechProb: 0.720655620098114
[39] Size: 81440, Type: audio/webm
[39] PROBS: NoSpeech=0.8829, LogProb=-0.8276
⚠️ Filtered by NoSpeechProb: 0.8829310536384583
[40] Size: 81440, Type: audio/webm
[40] RAW WHISPER: 
[41] Size: 81440, Type: audio/webm
[41] PROBS: NoSpeech=0.8748, LogProb=-0.7353
⚠️ Filtered by NoSpeechProb: 0.874798595905304
[42] Size: 81440, Type: audio/webm
[42] PROBS: NoSpeech=0.9010, LogProb=-0.4185
⚠️ Filtered by NoSpeechProb: 0.9010461568832397
[43] Size: 81440, Type: audio/webm
[43] PROBS: NoSpeech=0.7081, LogProb=-0.4844
⚠️ Filtered by NoSpeechProb: 0.7080773711204529
[44] Size: 81440, Type: audio/webm
[44] PROBS: NoSpeech=0.7110, LogProb=-0.4657
⚠️ Filtered by NoSpeechProb: 0.7109545469284058
[45] Size: 81440, Type: audio/webm
[45] PROBS: NoSpeech=0.6030, LogProb=-0.8660
⚠️ Filtered by NoSpeechProb: 0.6029737591743469
[46] Size: 81440, Type: audio/webm
[46] PROBS: NoSpeech=0.4371, LogProb=-0.5618
[46] RAW WHISPER: 그는 오는 3월, 한국과 독일의 최종 제안을 받은 뒤, 상반기 중에 우선 협상에 나섰습니다.
[47] Size: 81440, Type: audio/webm
[47] PROBS: NoSpeech=0.0609, LogProb=-0.7589
[47] RAW WHISPER: 대상자를 선정할 예정입니다. MBC 뉴스 이상민입니다.
⚠️ Filtered: '대상자를 선정할 예정입니다. MBC 뉴스 이상민입니다.' | Reason: Banned Phrase: MBC 뉴스
[48] Size: 81440, Type: audio/webm
[48] PROBS: NoSpeech=0.4951, LogProb=-0.3987
[48] RAW WHISPER: 에이팩을 계기로 한국을 찾은 마크 카니 캐나다 총리가 직접 거제 조선소를 지킵니다.
[49] Size: 81440, Type: audio/webm
[49] PROBS: NoSpeech=0.5615, LogProb=-0.4858
⚠️ Filtered by NoSpeechProb: 0.5614687204360962
[50] Size: 81440, Type: audio/webm
[50] PROBS: NoSpeech=0.2971, LogProb=-0.5271
[50] RAW WHISPER: 직접 탑승하기도 했습니다.
[51] Size: 81440, Type: audio/webm
[51] PROBS: NoSpeech=0.4721, LogProb=-0.6291
[51] RAW WHISPER: 에이팩은 한국과 독일의 최총급 디젤 잠수함을 12척 도입하는 사업을 추진
[52] Size: 81440, Type: audio/webm
[52] PROBS: NoSpeech=0.0814, LogProb=-0.3070
[52] RAW WHISPER: HD 현대중공업 컨소시엄을 독일 기업과 함께 적격 후보로 선정했습니다.
[53] Size: 81440, Type: audio/webm
[53] PROBS: NoSpeech=0.5500, LogProb=-0.3776
⚠️ Filtered by NoSpeechProb: 0.5500448942184448
[54] Size: 81440, Type: audio/webm
[54] PROBS: NoSpeech=0.6289, LogProb=-0.5177
⚠️ Filtered by NoSpeechProb: 0.6288805603981018
[55] Size: 81440, Type: audio/webm
[55] RAW WHISPER: 
[56] Size: 81440, Type: audio/webm
[56] PROBS: NoSpeech=0.5048, LogProb=-3.7391
⚠️ Filtered by NoSpeechProb: 0.5047990679740906
[57] Size: 81440, Type: audio/webm
[57] PROBS: NoSpeech=0.0252, LogProb=-0.1952
[57] RAW WHISPER: 이재명 대통령 내외는 캐나다 잠수함 사업을 따기 위해 총력전에 나섰습니다.
[58] Size: 81440, Type: audio/webm
[58] PROBS: NoSpeech=0.3037, LogProb=-0.2535
[58] RAW WHISPER: 김혜경 여사는 다이애나 폭스 카니 캐나다 총리 배우자와 친교 일정을
[59] Size: 81440, Type: audio/webm
[59] PROBS: NoSpeech=0.1174, LogProb=-0.4511
[59] RAW WHISPER: 이끌어가며 캐나다를 상징하는 빨간한복을 입었고 이재명 대통령도 비공식
[60] Size: 81440, Type: audio/webm
[60] PROBS: NoSpeech=0.0263, LogProb=-0.2774
[60] RAW WHISPER: 통계회담에서 캐나다의 차기 잠수함 사업에 대한 한국의 참여 의지를 적극 밝혔습니다.
[61] Size: 81440, Type: audio/webm
[61] PROBS: NoSpeech=0.3171, LogProb=-0.5747
[61] RAW WHISPER: 이재명 대통령은 캐나다의 신속한 전력을 확보하고 방위 산업 역량 강화에
[62] Size: 81440, Type: audio/webm
[62] PROBS: NoSpeech=0.0079, LogProb=-0.2380
[62] RAW WHISPER: 한국이 적극적으로 기여해 나가기를 희망한다고 강조했습니다.
[63] Size: 81440, Type: audio/webm
[63] PROBS: NoSpeech=0.3552, LogProb=-0.3729
[63] RAW WHISPER: 필리핀 페르디난드 마르코스 대통령도 경주에서 한화우선 경선에 참여했습니다.
[64] Size: 81440, Type: audio/webm
[64] PROBS: NoSpeech=0.3305, LogProb=-0.4819
[64] RAW WHISPER: 경영진을 만나 조선어 협력 방안을 논의했습니다.
[65] Size: 81440, Type: audio/webm
[65] PROBS: NoSpeech=0.7764, LogProb=-0.4248
⚠️ Filtered by NoSpeechProb: 0.7763873338699341
[66] Size: 81440, Type: audio/webm
[66] PROBS: NoSpeech=0.3843, LogProb=-0.3140
[66] RAW WHISPER: 필리핀에 지원하는 방안이 본격 논의됐습니다.
[67] Size: 81440, Type: audio/webm
[67] PROBS: NoSpeech=0.1709, LogProb=-0.3926
[67] RAW WHISPER: 이 밖에도 이번 에이팩 행사에서는
[68] Size: 81440, Type: audio/webm
[68] PROBS: NoSpeech=0.0141, LogProb=-0.3642
[68] RAW WHISPER: 세계 경제를 주무르는 1,700명의 기업인들이 참여했는데 기업 차원에서 약속을...
[69] Size: 81440, Type: audio/webm
[69] PROBS: NoSpeech=0.1191, LogProb=-0.4647
[69] RAW WHISPER: 한 투자만 해도 모두 13조 원에 달한다고 정부는 밝혔습니다.
[70] Size: 43836, Type: audio/webm
[70] PROBS: NoSpeech=0.4253, LogProb=-0.5935
[70] RAW WHISPER: MBC 뉴스 이혜선입니다.
⚠️ Filtered: 'MBC 뉴스 이혜선입니다.' | Reason: Banned Phrase: MBC 뉴스
[1] Size: 43162, Type: audio/webm
[1] PROBS: NoSpeech=0.1960, LogProb=-0.7249
[1] RAW WHISPER: ...하면 마이크가 녹음돼요.
[2] Size: 81440, Type: audio/webm
[2] PROBS: NoSpeech=0.5914, LogProb=-3.1342
⚠️ Filtered by NoSpeechProb: 0.5913873910903931
[3] Size: 32174, Type: audio/webm
[3] PROBS: NoSpeech=0.5401, LogProb=-0.8847
⚠️ Filtered by NoSpeechProb: 0.5400806069374084
[4] Size: 32174, Type: audio/webm
[4] PROBS: NoSpeech=0.5449, LogProb=-0.8070
⚠️ Filtered by NoSpeechProb: 0.5448747873306274
[5] Size: 52460, Type: audio/webm
[5] PROBS: NoSpeech=0.1238, LogProb=-0.6907
[5] RAW WHISPER: 내 딕션이 안 좋은가 보다.
[6] Size: 80474, Type: audio/webm
[6] PROBS: NoSpeech=0.4025, LogProb=-0.9114
[6] RAW WHISPER: 작게 말하고 있거나
